<?xml version="1.0" encoding="UTF-8"?>
<!-- Generated by org.testng.reporters.JUnitReportReporter -->
<testsuite hostname="IN-PG02A6JN" failures="0" tests="15" name="tes.flipkart.AppTest" time="795.625" errors="0" timestamp="15 Dec 2022 09:43:47 GMT" skipped="0">
  <testcase classname="tes.flipkart.AppTest" name="login" time="46.727"/>
  <testcase classname="tes.flipkart.AppTest" name="search" time="46.540"/>
  <testcase classname="tes.flipkart.AppTest" name="refresh" time="46.835"/>
  <testcase classname="tes.flipkart.AppTest" name="newuser" time="51.086"/>
  <testcase classname="tes.flipkart.AppTest" name="slidech" time="46.958"/>
  <testcase classname="tes.flipkart.AppTest" name="slidess" time="58.160"/>
  <testcase classname="tes.flipkart.AppTest" name="appliances" time="124.458"/>
  <testcase classname="tes.flipkart.AppTest" name="homes" time="47.114"/>
  <testcase classname="tes.flipkart.AppTest" name="twowheeler" time="46.550"/>
  <testcase classname="tes.flipkart.AppTest" name="travels" time="46.383"/>
  <testcase classname="tes.flipkart.AppTest" name="grocery" time="46.313"/>
  <testcase classname="tes.flipkart.AppTest" name="furniture" time="47.241"/>
  <testcase classname="tes.flipkart.AppTest" name="beauty" time="47.319"/>
  <testcase classname="tes.flipkart.AppTest" name="toys" time="47.540"/>
  <testcase classname="tes.flipkart.AppTest" name="drugs" time="46.401"/>
</testsuite> <!-- tes.flipkart.AppTest -->
